{
  "stats": {
    "suites": 1,
    "tests": 1,
    "passes": 0,
    "pending": 0,
    "failures": 1,
    "start": "2019-11-29T05:44:54.908Z",
    "end": "2019-11-29T05:44:54.920Z",
    "duration": 12,
    "testsRegistered": 1,
    "passPercent": 0,
    "pendingPercent": 0,
    "other": 0,
    "hasOther": false,
    "skipped": 0,
    "hasSkipped": false
  },
  "results": [
    {
      "uuid": "92577114-9769-4ed3-95c7-1ca48d5d28d5",
      "title": "",
      "fullFile": "",
      "file": "",
      "beforeHooks": [],
      "afterHooks": [],
      "tests": [],
      "suites": [
        {
          "uuid": "e728a159-e440-4d17-b451-649df7db9a1f",
          "title": "Given - MicroservicesAPI - GET /api/sd2019bExam1/users",
          "fullFile": "C:\\Users\\William\\Documents\\ICESI\\DISTRIBUTED_SYSTEMS_2019\\PARCIAL2_3\\all-exams\\2019_b\\sd\\exam_2_3\\WMC_Exam23\\Node1-WebServer-Express\\api_bdd_testing.js",
          "file": "\\api_bdd_testing.js",
          "beforeHooks": [],
          "afterHooks": [],
          "tests": [
            {
              "title": "Then should respond with all users",
              "fullTitle": "Given - MicroservicesAPI - GET /api/sd2019bExam1/users Then should respond with all users",
              "timedOut": false,
              "duration": 2,
              "state": "failed",
              "speed": null,
              "pass": false,
              "fail": true,
              "pending": false,
              "context": null,
              "code": "let microserviceId = '78sdfs78ss-54215s-kss4wq12';\nchai.request(api).get(`/api/sd2019bExam1/microservices/${microserviceId}`).end(\n    (err, res) => {\n        should.not.exist(err);\n        res.status.should.equal(200);\n        res.body.results[0].should.include.keys(\n            '_id', 'name'\n        );\n        done();\n    }\n);",
              "err": {
                "message": "TypeError: app.address is not a function",
                "estack": "TypeError: app.address is not a function\n    at serverAddress (node_modules\\chai-http\\lib\\request.js:282:18)\n    at new Test (node_modules\\chai-http\\lib\\request.js:271:53)\n    at Object.obj.(anonymous function) [as get] (node_modules\\chai-http\\lib\\request.js:239:14)\n    at Context.it (api_bdd_testing.js:21:27)",
                "diff": null
              },
              "uuid": "3c7a1066-7843-4543-9c10-ac6dce45600a",
              "parentUUID": "e728a159-e440-4d17-b451-649df7db9a1f",
              "isHook": false,
              "skipped": false
            }
          ],
          "suites": [],
          "passes": [],
          "failures": [
            "3c7a1066-7843-4543-9c10-ac6dce45600a"
          ],
          "pending": [],
          "skipped": [],
          "duration": 2,
          "root": false,
          "rootEmpty": false,
          "_timeout": 2000
        }
      ],
      "passes": [],
      "failures": [],
      "pending": [],
      "skipped": [],
      "duration": 0,
      "root": true,
      "rootEmpty": true,
      "_timeout": 2000
    }
  ],
  "meta": {
    "mocha": {
      "version": "6.2.2"
    },
    "mochawesome": {
      "options": {
        "quiet": false,
        "reportFilename": "mochawesome",
        "saveHtml": true,
        "saveJson": true,
        "consoleReporter": "spec",
        "useInlineDiffs": false
      },
      "version": "4.1.0"
    },
    "marge": {
      "options": null,
      "version": "4.0.1"
    }
  }
}